<?xml version="1.0" encoding="UTF-8"?>
<!-- Generated by org.testng.reporters.JUnitXMLReporter -->
<testsuite hostname="HYRD5CG8062NF1" name="Regression Test cases" tests="3" failures="0" timestamp="29 May 2019 14:06:17 GMT" time="120.284" errors="0">
  <testcase name="feature" time="40.392" classname="codingRound.TestRunner"/>
  <testcase name="feature" time="31.125" classname="codingRound.TestRunner"/>
  <testcase name="feature" time="29.484" classname="codingRound.TestRunner"/>
</testsuite> <!-- Regression Test cases -->
