<?xml version="1.0" encoding="UTF-8"?>
<!-- Generated by org.testng.reporters.JUnitXMLReporter -->
<testsuite hostname="HYRD5CG8062NF1" name="Regression Test cases" tests="3" failures="0" timestamp="3 Jun 2019 16:48:29 GMT" time="105.064" errors="0">
  <testcase name="feature" time="24.177" classname="codingRound.TestRunner"/>
  <testcase name="feature" time="38.143" classname="codingRound.TestRunner"/>
  <testcase name="feature" time="21.267" classname="codingRound.TestRunner"/>
</testsuite> <!-- Regression Test cases -->
