<?xml version="1.0" encoding="UTF-8"?>
<testng-results skipped="0" failed="0" total="3" passed="3">
  <reporter-output>
  </reporter-output>
  <suite name="CodingRound" duration-ms="120284" started-at="2019-05-29T14:04:17Z" finished-at="2019-05-29T14:06:17Z">
    <groups>
      <group name="cucumber">
        <method signature="TestRunner.feature(cucumber.api.testng.CucumberFeatureWrapper)[pri:0, instance:codingRound.TestRunner@239963d8]" name="feature" class="codingRound.TestRunner"/>
      </group> <!-- cucumber -->
    </groups>
    <test name="Regression Test cases" duration-ms="120284" started-at="2019-05-29T14:04:17Z" finished-at="2019-05-29T14:06:17Z">
      <class name="codingRound.TestRunner">
        <test-method status="PASS" signature="setUpClass()[pri:0, instance:codingRound.TestRunner@239963d8]" name="setUpClass" is-config="true" duration-ms="780" started-at="2019-05-29T19:34:17Z" finished-at="2019-05-29T19:34:17Z">
          <reporter-output>
          </reporter-output>
        </test-method> <!-- setUpClass -->
        <test-method status="PASS" signature="abcd()[pri:0, instance:codingRound.TestRunner@239963d8]" name="abcd" is-config="true" duration-ms="5109" started-at="2019-05-29T19:34:18Z" finished-at="2019-05-29T19:34:23Z">
          <reporter-output>
          </reporter-output>
        </test-method> <!-- abcd -->
        <test-method status="PASS" signature="feature(cucumber.api.testng.CucumberFeatureWrapper)[pri:0, instance:codingRound.TestRunner@239963d8]" name="feature" duration-ms="40392" started-at="2019-05-29T19:34:23Z" description="Runs Cucumber Feature" data-provider="features" finished-at="2019-05-29T19:35:03Z">
          <params>
            <param index="0">
              <value>
                <![CDATA[Clear Trip Booking]]>
              </value>
            </param>
          </params>
          <reporter-output>
          </reporter-output>
        </test-method> <!-- feature -->
        <test-method status="PASS" signature="tearDown(org.testng.ITestResult)[pri:0, instance:codingRound.TestRunner@239963d8]" name="tearDown" is-config="true" duration-ms="2141" started-at="2019-05-29T19:35:03Z" finished-at="2019-05-29T19:35:05Z">
          <params>
            <param index="0">
              <value>
                <![CDATA[[TestResult name=feature status=SUCCESS method=TestRunner.feature(cucumber.api.testng.CucumberFeatureWrapper)[pri:0, instance:codingRound.TestRunner@239963d8] output={null}]]]>
              </value>
            </param>
          </params>
          <reporter-output>
          </reporter-output>
        </test-method> <!-- tearDown -->
        <test-method status="PASS" signature="abcd()[pri:0, instance:codingRound.TestRunner@239963d8]" name="abcd" is-config="true" duration-ms="4262" started-at="2019-05-29T19:35:05Z" finished-at="2019-05-29T19:35:10Z">
          <reporter-output>
          </reporter-output>
        </test-method> <!-- abcd -->
        <test-method status="PASS" signature="feature(cucumber.api.testng.CucumberFeatureWrapper)[pri:0, instance:codingRound.TestRunner@239963d8]" name="feature" duration-ms="31125" started-at="2019-05-29T19:35:10Z" description="Runs Cucumber Feature" data-provider="features" finished-at="2019-05-29T19:35:41Z">
          <params>
            <param index="0">
              <value>
                <![CDATA[Clear Trip Booking]]>
              </value>
            </param>
          </params>
          <reporter-output>
          </reporter-output>
        </test-method> <!-- feature -->
        <test-method status="PASS" signature="tearDown(org.testng.ITestResult)[pri:0, instance:codingRound.TestRunner@239963d8]" name="tearDown" is-config="true" duration-ms="1571" started-at="2019-05-29T19:35:41Z" finished-at="2019-05-29T19:35:42Z">
          <params>
            <param index="0">
              <value>
                <![CDATA[[TestResult name=feature status=SUCCESS method=TestRunner.feature(cucumber.api.testng.CucumberFeatureWrapper)[pri:0, instance:codingRound.TestRunner@239963d8] output={null}]]]>
              </value>
            </param>
          </params>
          <reporter-output>
          </reporter-output>
        </test-method> <!-- tearDown -->
        <test-method status="PASS" signature="abcd()[pri:0, instance:codingRound.TestRunner@239963d8]" name="abcd" is-config="true" duration-ms="3704" started-at="2019-05-29T19:35:42Z" finished-at="2019-05-29T19:35:46Z">
          <reporter-output>
          </reporter-output>
        </test-method> <!-- abcd -->
        <test-method status="PASS" signature="feature(cucumber.api.testng.CucumberFeatureWrapper)[pri:0, instance:codingRound.TestRunner@239963d8]" name="feature" duration-ms="29484" started-at="2019-05-29T19:35:46Z" description="Runs Cucumber Feature" data-provider="features" finished-at="2019-05-29T19:36:15Z">
          <params>
            <param index="0">
              <value>
                <![CDATA[Clear Trip Booking]]>
              </value>
            </param>
          </params>
          <reporter-output>
          </reporter-output>
        </test-method> <!-- feature -->
        <test-method status="PASS" signature="tearDown(org.testng.ITestResult)[pri:0, instance:codingRound.TestRunner@239963d8]" name="tearDown" is-config="true" duration-ms="1548" started-at="2019-05-29T19:36:15Z" finished-at="2019-05-29T19:36:17Z">
          <params>
            <param index="0">
              <value>
                <![CDATA[[TestResult name=feature status=SUCCESS method=TestRunner.feature(cucumber.api.testng.CucumberFeatureWrapper)[pri:0, instance:codingRound.TestRunner@239963d8] output={null}]]]>
              </value>
            </param>
          </params>
          <reporter-output>
          </reporter-output>
        </test-method> <!-- tearDown -->
        <test-method status="PASS" signature="tearDownClass()[pri:0, instance:codingRound.TestRunner@239963d8]" name="tearDownClass" is-config="true" duration-ms="6" started-at="2019-05-29T19:36:17Z" finished-at="2019-05-29T19:36:17Z">
          <reporter-output>
          </reporter-output>
        </test-method> <!-- tearDownClass -->
      </class> <!-- codingRound.TestRunner -->
    </test> <!-- Regression Test cases -->
  </suite> <!-- CodingRound -->
</testng-results>
